app/build/intermediates/manifest_merge_blame_file/debug/manifest-merger-blame-debug-report.txt
1<?xml version="1.0" encoding="utf-8"?>
2<manifest xmlns:android="http://schemas.android.com/apk/res/android"
3    package="com.example.vviped"
4    android:versionCode="1"
5    android:versionName="1.0" >
6
7    <uses-sdk
8        android:minSdkVersion="19"
8-->src\main\AndroidManifest.xml
9        android:targetSdkVersion="29" />
9-->src\main\AndroidManifest.xml
10
11    <application
11-->src\main\AndroidManifest.xml:5:5-36:19
12        android:allowBackup="true"
12-->src\main\AndroidManifest.xml:6:9-35
13        android:appComponentFactory="androidx.core.app.CoreComponentFactory"
13-->[androidx.core:core:1.3.1] AndroidManifest.xml:24:18-86
14        android:debuggable="true"
15        android:icon="@mipmap/ic_launcher"
15-->src\main\AndroidManifest.xml:7:9-43
16        android:label="@string/app_name"
16-->src\main\AndroidManifest.xml:8:9-41
17        android:roundIcon="@mipmap/ic_launcher_round"
17-->src\main\AndroidManifest.xml:9:9-54
18        android:supportsRtl="true"
18-->src\main\AndroidManifest.xml:10:9-35
19        android:testOnly="true"
20        android:theme="@style/AppTheme" >
20-->src\main\AndroidManifest.xml:11:9-40
21        <activity android:name="com.example.vviped.twitter.twitterMain" >
21-->src\main\AndroidManifest.xml:12:9-14:28
21-->src\main\AndroidManifest.xml:12:19-54
22        </activity>
23        <activity android:name="com.example.vviped.twitter.TwitterHome" >
23-->src\main\AndroidManifest.xml:15:9-17:20
23-->src\main\AndroidManifest.xml:15:19-54
24        </activity>
25        <activity android:name="com.example.vviped.InstagramSplash" />
25-->src\main\AndroidManifest.xml:18:9-53
25-->src\main\AndroidManifest.xml:18:19-50
26        <activity android:name="com.example.vviped.twitter.twitter_login" />
26-->src\main\AndroidManifest.xml:19:9-59
26-->src\main\AndroidManifest.xml:19:19-56
27        <activity android:name="com.example.vviped.comment_action" />
27-->src\main\AndroidManifest.xml:20:9-52
27-->src\main\AndroidManifest.xml:20:19-49
28        <activity android:name="com.example.vviped.LoginActivity" />
28-->src\main\AndroidManifest.xml:21:9-51
28-->src\main\AndroidManifest.xml:21:19-48
29        <activity android:name="com.example.vviped.activity_landing" />
29-->src\main\AndroidManifest.xml:22:9-63
29-->src\main\AndroidManifest.xml:22:19-51
30        <activity android:name="com.example.vviped.ui.CommentsActivity" />
30-->src\main\AndroidManifest.xml:23:9-57
30-->src\main\AndroidManifest.xml:23:19-54
31        <activity android:name="com.example.vviped.MainActivity" />
31-->src\main\AndroidManifest.xml:24:9-50
31-->src\main\AndroidManifest.xml:24:19-47
32        <activity android:name="com.example.vviped.twitter.LandingActivity" />
32-->src\main\AndroidManifest.xml:25:9-61
32-->src\main\AndroidManifest.xml:25:19-58
33        <activity android:name="com.example.vviped.twitter.SplashScreenActivity" >
33-->src\main\AndroidManifest.xml:26:9-31:20
33-->src\main\AndroidManifest.xml:26:19-63
34            <intent-filter>
34-->src\main\AndroidManifest.xml:27:13-30:29
35                <action android:name="android.intent.action.MAIN" />
35-->src\main\AndroidManifest.xml:28:17-69
35-->src\main\AndroidManifest.xml:28:25-66
36
37                <category android:name="android.intent.category.LAUNCHER" />
37-->src\main\AndroidManifest.xml:29:17-77
37-->src\main\AndroidManifest.xml:29:27-74
38            </intent-filter>
39        </activity>
40
41        <meta-data
41-->src\main\AndroidManifest.xml:33:9-35:57
42            android:name="preloaded_fonts"
42-->src\main\AndroidManifest.xml:34:13-43
43            android:resource="@array/preloaded_fonts" />
43-->src\main\AndroidManifest.xml:35:13-54
44
45        <provider
45-->[androidx.lifecycle:lifecycle-process:2.2.0] AndroidManifest.xml:25:9-29:43
46            android:name="androidx.lifecycle.ProcessLifecycleOwnerInitializer"
46-->[androidx.lifecycle:lifecycle-process:2.2.0] AndroidManifest.xml:26:13-79
47            android:authorities="com.example.vviped.lifecycle-process"
47-->[androidx.lifecycle:lifecycle-process:2.2.0] AndroidManifest.xml:27:13-69
48            android:exported="false"
48-->[androidx.lifecycle:lifecycle-process:2.2.0] AndroidManifest.xml:28:13-37
49            android:multiprocess="true" />
49-->[androidx.lifecycle:lifecycle-process:2.2.0] AndroidManifest.xml:29:13-40
50    </application>
51
52</manifest>